<?xml version="1.0" encoding="UTF-8"?>
<testsuite name="com.sistemas.EjemploSpringBoot.EjemploSpringBootApplicationTests" tests="1" skipped="0" failures="0" errors="0" timestamp="2024-05-23T18:29:46" hostname="DESKTOP-STN2MJI" time="6.786">
  <properties/>
  <testcase name="contextLoads()" classname="com.sistemas.EjemploSpringBoot.EjemploSpringBootApplicationTests" time="6.786"/>
  <system-out><![CDATA[13:28:51.704 [Test worker] INFO org.springframework.test.context.support.AnnotationConfigContextLoaderUtils -- Could not detect default configuration classes for test class [com.sistemas.EjemploSpringBoot.EjemploSpringBootApplicationTests]: EjemploSpringBootApplicationTests does not declare any static, non-private, non-final, nested classes annotated with @Configuration.
13:28:52.531 [Test worker] INFO org.springframework.boot.test.context.SpringBootTestContextBootstrapper -- Found @SpringBootConfiguration com.sistemas.EjemploSpringBoot.EjemploSpringBootApplication for test class com.sistemas.EjemploSpringBoot.EjemploSpringBootApplicationTests

  .   ____          _            __ _ _
 /\\ / ___'_ __ _ _(_)_ __  __ _ \ \ \ \
( ( )\___ | '_ | '_| | '_ \/ _` | \ \ \ \
 \\/  ___)| |_)| | | | | || (_| |  ) ) ) )
  '  |____| .__|_| |_|_| |_\__, | / / / /
 =========|_|==============|___/=/_/_/_/
 :: Spring Boot ::               (v3.1.12)

2024-05-23T13:28:57.665-05:00  INFO 12480 --- [    Test worker] c.s.E.EjemploSpringBootApplicationTests  : Starting EjemploSpringBootApplicationTests using Java 21.0.2 with PID 12480 (started by ILAN in C:\Users\ILAN\Downloads\a\EjemploSpringBoot (2)\EjemploSpringBoot)
2024-05-23T13:28:57.678-05:00  INFO 12480 --- [    Test worker] c.s.E.EjemploSpringBootApplicationTests  : No active profile set, falling back to 1 default profile: "default"
2024-05-23T13:29:06.124-05:00  INFO 12480 --- [    Test worker] .s.d.r.c.RepositoryConfigurationDelegate : Bootstrapping Spring Data JPA repositories in DEFAULT mode.
2024-05-23T13:29:06.748-05:00  INFO 12480 --- [    Test worker] .s.d.r.c.RepositoryConfigurationDelegate : Finished Spring Data repository scanning in 566 ms. Found 5 JPA repository interfaces.
2024-05-23T13:29:11.780-05:00  INFO 12480 --- [    Test worker] o.hibernate.jpa.internal.util.LogHelper  : HHH000204: Processing PersistenceUnitInfo [name: default]
2024-05-23T13:29:12.276-05:00  INFO 12480 --- [    Test worker] org.hibernate.Version                    : HHH000412: Hibernate ORM core version 6.2.25.Final
2024-05-23T13:29:12.295-05:00  INFO 12480 --- [    Test worker] org.hibernate.cfg.Environment            : HHH000406: Using bytecode reflection optimizer
2024-05-23T13:29:14.615-05:00  INFO 12480 --- [    Test worker] o.s.o.j.p.SpringPersistenceUnitInfo      : No LoadTimeWeaver setup: ignoring JPA class transformer
2024-05-23T13:29:14.797-05:00  INFO 12480 --- [    Test worker] com.zaxxer.hikari.HikariDataSource       : HikariPool-1 - Starting...
2024-05-23T13:29:20.789-05:00  INFO 12480 --- [    Test worker] com.zaxxer.hikari.pool.HikariPool        : HikariPool-1 - Added connection org.postgresql.jdbc.PgConnection@31693a86
2024-05-23T13:29:20.799-05:00  INFO 12480 --- [    Test worker] com.zaxxer.hikari.HikariDataSource       : HikariPool-1 - Start completed.
2024-05-23T13:29:21.295-05:00  WARN 12480 --- [    Test worker] org.hibernate.orm.deprecation            : HHH90000025: PostgreSQLDialect does not need to be specified explicitly using 'hibernate.dialect' (remove the property setting and it will be selected by default)
2024-05-23T13:29:32.061-05:00  INFO 12480 --- [    Test worker] o.h.e.t.j.p.i.JtaPlatformInitiator       : HHH000489: No JTA platform available (set 'hibernate.transaction.jta.platform' to enable JTA platform integration)
Hibernate: 
    alter table if exists cursos 
       drop constraint if exists FK_docente_cursos
Hibernate: 
    alter table if exists notas 
       drop constraint if exists FK_alumno_notas
Hibernate: 
    alter table if exists notas 
       drop constraint if exists FK_curso_notas
Hibernate: 
    drop table if exists alumnos cascade
Hibernate: 
    drop table if exists cursos cascade
Hibernate: 
    drop table if exists docentes cascade
Hibernate: 
    drop table if exists notas cascade
Hibernate: 
    drop table if exists usuario cascade
Hibernate: 
    create table alumnos (
        fecha_nacimiento date,
        promedio float(53),
        dni varchar(8) not null unique,
        id bigserial not null,
        celular varchar(9) not null unique,
        apellido varchar(35) not null,
        nombre varchar(35) not null,
        email varchar(80) not null unique,
        direccion varchar(100) not null,
        primary key (id)
    )
Hibernate: 
    create table cursos (
        creditos integer not null check (creditos>=1),
        docente_id bigint not null,
        id bigserial not null,
        nombre varchar(255) not null,
        primary key (id)
    )
Hibernate: 
    create table docentes (
        creation_time timestamp(6),
        dni varchar(8) not null unique,
        fecha_ingreso timestamp(6),
        fecha_nacimiento timestamp(6),
        id bigserial not null,
        modification_time timestamp(6),
        celular varchar(9) not null unique,
        apellido varchar(35) not null,
        nombre varchar(35) not null,
        email varchar(80) not null unique,
        direccion varchar(100) not null,
        especialidad varchar(100) not null,
        primary key (id)
    )
Hibernate: 
    create table notas (
        unidad1 float(53),
        unidad2 float(53),
        unidad3 float(53),
        alumno_id bigint not null,
        curso_id bigint not null,
        primary key (alumno_id, curso_id)
    )
Hibernate: 
    create table usuario (
        estado integer not null,
        id bigserial not null,
        clave varchar(255) not null,
        nombre varchar(255) not null,
        rol varchar(255) not null,
        primary key (id)
    )
Hibernate: 
    alter table if exists cursos 
       add constraint FK_docente_cursos 
       foreign key (docente_id) 
       references docentes
Hibernate: 
    alter table if exists notas 
       add constraint FK_alumno_notas 
       foreign key (alumno_id) 
       references alumnos
Hibernate: 
    alter table if exists notas 
       add constraint FK_curso_notas 
       foreign key (curso_id) 
       references cursos
2024-05-23T13:29:35.750-05:00  INFO 12480 --- [    Test worker] j.LocalContainerEntityManagerFactoryBean : Initialized JPA EntityManagerFactory for persistence unit 'default'
2024-05-23T13:29:41.395-05:00  WARN 12480 --- [    Test worker] JpaBaseConfiguration$JpaWebConfiguration : spring.jpa.open-in-view is enabled by default. Therefore, database queries may be performed during view rendering. Explicitly configure spring.jpa.open-in-view to disable this warning
2024-05-23T13:29:44.881-05:00  WARN 12480 --- [    Test worker] .s.s.UserDetailsServiceAutoConfiguration : 

Using generated security password: e1e7a322-167b-4045-8f20-8f367fd500f7

This generated password is for development use only. Your security configuration must be updated before running your application in production.

2024-05-23T13:29:45.851-05:00  INFO 12480 --- [    Test worker] o.s.s.web.DefaultSecurityFilterChain     : Will secure any request with [org.springframework.security.web.session.DisableEncodeUrlFilter@33319df0, org.springframework.security.web.context.request.async.WebAsyncManagerIntegrationFilter@73b71935, org.springframework.security.web.context.SecurityContextHolderFilter@5e38329d, org.springframework.security.web.header.HeaderWriterFilter@7c08461b, org.springframework.security.web.csrf.CsrfFilter@2e895acb, org.springframework.security.web.authentication.logout.LogoutFilter@4a9d6eb9, org.springframework.security.web.authentication.UsernamePasswordAuthenticationFilter@4bbabec8, org.springframework.security.web.authentication.ui.DefaultLoginPageGeneratingFilter@333e01c6, org.springframework.security.web.authentication.ui.DefaultLogoutPageGeneratingFilter@7d453075, org.springframework.security.web.authentication.www.BasicAuthenticationFilter@6fa5fc67, org.springframework.security.web.savedrequest.RequestCacheAwareFilter@7d816d32, org.springframework.security.web.servletapi.SecurityContextHolderAwareRequestFilter@322399e6, org.springframework.security.web.authentication.AnonymousAuthenticationFilter@16df0ebd, org.springframework.security.web.access.ExceptionTranslationFilter@4400026, org.springframework.security.web.access.intercept.AuthorizationFilter@2693e39c]
2024-05-23T13:29:46.201-05:00  INFO 12480 --- [    Test worker] c.s.E.EjemploSpringBootApplicationTests  : Started EjemploSpringBootApplicationTests in 51.372 seconds (process running for 64.619)
]]></system-out>
  <system-err><![CDATA[WARNING: A Java agent has been loaded dynamically (C:\Users\ILAN\.gradle\caches\modules-2\files-2.1\net.bytebuddy\byte-buddy-agent\1.14.16\4a451ee6484abac3a498df0f3b33ed00a6fced4d\byte-buddy-agent-1.14.16.jar)
WARNING: If a serviceability tool is in use, please run with -XX:+EnableDynamicAgentLoading to hide this warning
WARNING: If a serviceability tool is not in use, please run with -Djdk.instrument.traceUsage for more information
WARNING: Dynamic loading of agents will be disallowed by default in a future release
]]></system-err>
</testsuite>
