<?xml version="1.0" encoding="UTF-8"?>
<testsuite name="com.sistemas.EjemploSpringBoot.EjemploSpringBootApplicationTests" tests="1" skipped="0" failures="0" errors="0" timestamp="2024-05-24T02:26:56" hostname="DESKTOP-STN2MJI" time="4.275">
  <properties/>
  <testcase name="contextLoads()" classname="com.sistemas.EjemploSpringBoot.EjemploSpringBootApplicationTests" time="4.275"/>
  <system-out><![CDATA[21:26:15.649 [Test worker] INFO org.springframework.test.context.support.AnnotationConfigContextLoaderUtils -- Could not detect default configuration classes for test class [com.sistemas.EjemploSpringBoot.EjemploSpringBootApplicationTests]: EjemploSpringBootApplicationTests does not declare any static, non-private, non-final, nested classes annotated with @Configuration.
21:26:16.878 [Test worker] INFO org.springframework.boot.test.context.SpringBootTestContextBootstrapper -- Found @SpringBootConfiguration com.sistemas.EjemploSpringBoot.EjemploSpringBootApplication for test class com.sistemas.EjemploSpringBoot.EjemploSpringBootApplicationTests

  .   ____          _            __ _ _
 /\\ / ___'_ __ _ _(_)_ __  __ _ \ \ \ \
( ( )\___ | '_ | '_| | '_ \/ _` | \ \ \ \
 \\/  ___)| |_)| | | | | || (_| |  ) ) ) )
  '  |____| .__|_| |_|_| |_\__, | / / / /
 =========|_|==============|___/=/_/_/_/
 :: Spring Boot ::                (v3.2.3)

2024-05-23T21:26:22.919-05:00  INFO 14500 --- [EjemploSpringBoot] [    Test worker] c.s.E.EjemploSpringBootApplicationTests  : Starting EjemploSpringBootApplicationTests using Java 17.0.6 with PID 14500 (started by ILAN in C:\Users\ILAN\Downloads\a\EjemploSpringBoot (2)\EjemploSpringBoot)
2024-05-23T21:26:22.924-05:00  INFO 14500 --- [EjemploSpringBoot] [    Test worker] c.s.E.EjemploSpringBootApplicationTests  : No active profile set, falling back to 1 default profile: "default"
2024-05-23T21:26:28.038-05:00  INFO 14500 --- [EjemploSpringBoot] [    Test worker] .s.d.r.c.RepositoryConfigurationDelegate : Bootstrapping Spring Data JPA repositories in DEFAULT mode.
2024-05-23T21:26:28.298-05:00  INFO 14500 --- [EjemploSpringBoot] [    Test worker] .s.d.r.c.RepositoryConfigurationDelegate : Finished Spring Data repository scanning in 222 ms. Found 5 JPA repository interfaces.
2024-05-23T21:26:30.611-05:00  INFO 14500 --- [EjemploSpringBoot] [    Test worker] o.hibernate.jpa.internal.util.LogHelper  : HHH000204: Processing PersistenceUnitInfo [name: default]
2024-05-23T21:26:31.356-05:00  INFO 14500 --- [EjemploSpringBoot] [    Test worker] org.hibernate.Version                    : HHH000412: Hibernate ORM core version 6.4.4.Final
2024-05-23T21:26:32.332-05:00  INFO 14500 --- [EjemploSpringBoot] [    Test worker] o.h.c.internal.RegionFactoryInitiator    : HHH000026: Second-level cache disabled
2024-05-23T21:26:35.240-05:00  INFO 14500 --- [EjemploSpringBoot] [    Test worker] o.s.o.j.p.SpringPersistenceUnitInfo      : No LoadTimeWeaver setup: ignoring JPA class transformer
2024-05-23T21:26:35.370-05:00  INFO 14500 --- [EjemploSpringBoot] [    Test worker] com.zaxxer.hikari.HikariDataSource       : HikariPool-1 - Starting...
2024-05-23T21:26:38.778-05:00  INFO 14500 --- [EjemploSpringBoot] [    Test worker] com.zaxxer.hikari.pool.HikariPool        : HikariPool-1 - Added connection org.postgresql.jdbc.PgConnection@6591f8ea
2024-05-23T21:26:38.784-05:00  INFO 14500 --- [EjemploSpringBoot] [    Test worker] com.zaxxer.hikari.HikariDataSource       : HikariPool-1 - Start completed.
2024-05-23T21:26:39.101-05:00  WARN 14500 --- [EjemploSpringBoot] [    Test worker] org.hibernate.orm.deprecation            : HHH90000025: PostgreSQLDialect does not need to be specified explicitly using 'hibernate.dialect' (remove the property setting and it will be selected by default)
2024-05-23T21:26:47.221-05:00  INFO 14500 --- [EjemploSpringBoot] [    Test worker] o.h.e.t.j.p.i.JtaPlatformInitiator       : HHH000489: No JTA platform available (set 'hibernate.transaction.jta.platform' to enable JTA platform integration)
Hibernate: 
    alter table if exists cursos 
       drop constraint if exists FK_docente_cursos
Hibernate: 
    alter table if exists notas 
       drop constraint if exists FK_alumno_notas
Hibernate: 
    alter table if exists notas 
       drop constraint if exists FK_curso_notas
Hibernate: 
    drop table if exists alumnos cascade
Hibernate: 
    drop table if exists cursos cascade
Hibernate: 
    drop table if exists docentes cascade
Hibernate: 
    drop table if exists notas cascade
Hibernate: 
    drop table if exists usuario cascade
Hibernate: 
    create table alumnos (
        fecha_nacimiento date,
        promedio float(53),
        dni varchar(8) not null unique,
        id bigserial not null,
        celular varchar(9) not null unique,
        apellido varchar(35) not null,
        nombre varchar(35) not null,
        email varchar(80) not null unique,
        direccion varchar(100) not null,
        primary key (id)
    )
Hibernate: 
    create table cursos (
        creditos integer not null check (creditos>=1),
        docente_id bigint not null,
        id bigserial not null,
        nombre varchar(255) not null,
        primary key (id)
    )
Hibernate: 
    create table docentes (
        creation_time timestamp(6),
        dni varchar(8) not null unique,
        fecha_ingreso timestamp(6),
        fecha_nacimiento timestamp(6),
        id bigserial not null,
        modification_time timestamp(6),
        celular varchar(9) not null unique,
        apellido varchar(35) not null,
        nombre varchar(35) not null,
        email varchar(80) not null unique,
        direccion varchar(100) not null,
        especialidad varchar(100) not null,
        primary key (id)
    )
Hibernate: 
    create table notas (
        unidad1 float(53),
        unidad2 float(53),
        unidad3 float(53),
        alumno_id bigint not null,
        curso_id bigint not null,
        primary key (alumno_id, curso_id)
    )
Hibernate: 
    create table usuario (
        estado integer not null,
        id bigserial not null,
        clave varchar(255) not null,
        nombre varchar(255) not null,
        rol varchar(255) not null,
        primary key (id)
    )
Hibernate: 
    alter table if exists cursos 
       add constraint FK_docente_cursos 
       foreign key (docente_id) 
       references docentes
Hibernate: 
    alter table if exists notas 
       add constraint FK_alumno_notas 
       foreign key (alumno_id) 
       references alumnos
Hibernate: 
    alter table if exists notas 
       add constraint FK_curso_notas 
       foreign key (curso_id) 
       references cursos
2024-05-23T21:26:50.615-05:00  INFO 14500 --- [EjemploSpringBoot] [    Test worker] j.LocalContainerEntityManagerFactoryBean : Initialized JPA EntityManagerFactory for persistence unit 'default'
2024-05-23T21:26:52.490-05:00  WARN 14500 --- [EjemploSpringBoot] [    Test worker] JpaBaseConfiguration$JpaWebConfiguration : spring.jpa.open-in-view is enabled by default. Therefore, database queries may be performed during view rendering. Explicitly configure spring.jpa.open-in-view to disable this warning
2024-05-23T21:26:52.582-05:00  INFO 14500 --- [EjemploSpringBoot] [    Test worker] o.s.b.a.w.s.WelcomePageHandlerMapping    : Adding welcome page template: index
2024-05-23T21:26:55.500-05:00  WARN 14500 --- [EjemploSpringBoot] [    Test worker] .s.s.UserDetailsServiceAutoConfiguration : 

Using generated security password: 785bdd7a-f475-432e-b367-90f067f54eee

This generated password is for development use only. Your security configuration must be updated before running your application in production.

2024-05-23T21:26:56.150-05:00  INFO 14500 --- [EjemploSpringBoot] [    Test worker] o.s.s.web.DefaultSecurityFilterChain     : Will secure any request with [org.springframework.security.web.session.DisableEncodeUrlFilter@16ac67e3, org.springframework.security.web.context.request.async.WebAsyncManagerIntegrationFilter@eb5471c, org.springframework.security.web.context.SecurityContextHolderFilter@61b11d35, org.springframework.security.web.header.HeaderWriterFilter@5c883b3f, org.springframework.web.filter.CorsFilter@60f6d689, org.springframework.security.web.csrf.CsrfFilter@3dbcde0b, org.springframework.security.web.authentication.logout.LogoutFilter@174e5929, org.springframework.security.web.authentication.UsernamePasswordAuthenticationFilter@369f85c6, org.springframework.security.web.authentication.ui.DefaultLoginPageGeneratingFilter@1a1d7832, org.springframework.security.web.authentication.ui.DefaultLogoutPageGeneratingFilter@6a90b5e8, org.springframework.security.web.authentication.www.BasicAuthenticationFilter@735d7b99, org.springframework.security.web.savedrequest.RequestCacheAwareFilter@4b0df349, org.springframework.security.web.servletapi.SecurityContextHolderAwareRequestFilter@21f7c0be, org.springframework.security.web.authentication.AnonymousAuthenticationFilter@1ff65426, org.springframework.security.web.access.ExceptionTranslationFilter@77732366, org.springframework.security.web.access.intercept.AuthorizationFilter@17796f47]
2024-05-23T21:26:56.371-05:00  INFO 14500 --- [EjemploSpringBoot] [    Test worker] c.s.E.EjemploSpringBootApplicationTests  : Started EjemploSpringBootApplicationTests in 38.02 seconds (process running for 50.345)
]]></system-out>
  <system-err><![CDATA[]]></system-err>
</testsuite>
